<?xml version="1.0" encoding="UTF-8"?>
<testsuite xmlns:xsi="http://www.w3.org/2001/XMLSchema-instance" xsi:noNamespaceSchemaLocation="https://maven.apache.org/surefire/maven-surefire-plugin/xsd/surefire-test-report-3.0.xsd" version="3.0" name="com.codoverse.di.test.DITest" time="0.168" tests="2" errors="0" skipped="0" failures="0">
  <properties>
[...]
</properties>
  <testcase name="test_for_annotation_base" classname="com.codoverse.di.test.DITest" time="0.157">
    <system-out><![CDATA[21:10:29.747 [main] DEBUG org.springframework.context.annotation.AnnotationConfigApplicationContext -- Refreshing org.springframework.context.annotation.AnnotationConfigApplicationContext@2f16c6b3
21:10:29.753 [main] DEBUG org.springframework.beans.factory.support.DefaultListableBeanFactory -- Creating shared instance of singleton bean 'org.springframework.context.annotation.internalConfigurationAnnotationProcessor'
21:10:29.780 [main] DEBUG org.springframework.context.annotation.ClassPathBeanDefinitionScanner -- Identified candidate component class: file [/Users/macbookprom2/Documents/dev-workspaces/the-full-stack/03-spring-workspace/09-dependency-injection/target/classes/com/codoverse/di/EmailService.class]
21:10:29.780 [main] DEBUG org.springframework.context.annotation.ClassPathBeanDefinitionScanner -- Identified candidate component class: file [/Users/macbookprom2/Documents/dev-workspaces/the-full-stack/03-spring-workspace/09-dependency-injection/target/classes/com/codoverse/di/OrderService.class]
21:10:29.787 [main] DEBUG org.springframework.beans.factory.support.DefaultListableBeanFactory -- Creating shared instance of singleton bean 'org.springframework.context.event.internalEventListenerProcessor'
21:10:29.788 [main] DEBUG org.springframework.beans.factory.support.DefaultListableBeanFactory -- Creating shared instance of singleton bean 'org.springframework.context.event.internalEventListenerFactory'
21:10:29.788 [main] DEBUG org.springframework.beans.factory.support.DefaultListableBeanFactory -- Creating shared instance of singleton bean 'org.springframework.context.annotation.internalAutowiredAnnotationProcessor'
21:10:29.791 [main] DEBUG org.springframework.beans.factory.support.DefaultListableBeanFactory -- Creating shared instance of singleton bean 'DIAnnotationConfig'
21:10:29.792 [main] DEBUG org.springframework.beans.factory.support.DefaultListableBeanFactory -- Creating shared instance of singleton bean 'emailService'
21:10:29.792 [main] DEBUG org.springframework.beans.factory.support.DefaultListableBeanFactory -- Creating shared instance of singleton bean 'orderService'
21:10:29.797 [main] DEBUG org.springframework.beans.factory.support.DefaultListableBeanFactory -- Autowiring by type from bean name 'orderService' via constructor to bean named 'emailService'
21:10:29.804 [main] INFO com.codoverse.di.OrderService -- Order complete
21:10:29.804 [main] INFO com.codoverse.di.EmailService -- Sending by email: To customer...
21:10:29.813 [main] DEBUG org.springframework.context.annotation.AnnotationConfigApplicationContext -- Closing org.springframework.context.annotation.AnnotationConfigApplicationContext@2f16c6b3, started on Thu May 07 21:10:29 GMT+06:30 2026
]]></system-out>
  </testcase>
  <testcase name="test_for_java_base" classname="com.codoverse.di.test.DITest" time="0.003"/>
</testsuite>